<?xml version="1.0" encoding="UTF-8"?>
<testng-results ignored="0" total="1" passed="1" failed="0" skipped="0">
  <reporter-output>
  </reporter-output>
  <suite started-at="2020-05-04T23:08:54 IST" name="Default suite" finished-at="2020-05-04T23:09:26 IST" duration-ms="32339">
    <groups>
    </groups>
    <test started-at="2020-05-04T23:08:54 IST" name="Default test" finished-at="2020-05-04T23:09:26 IST" duration-ms="32339">
      <class name="com.inet_Banking.pageObject.testtt">
        <test-method signature="testingJS()[pri:0, instance:com.inet_Banking.pageObject.testtt@15b204a1]" started-at="2020-05-04T23:08:54 IST" name="testingJS" finished-at="2020-05-04T23:09:26 IST" duration-ms="31963" status="PASS">
          <reporter-output>
          </reporter-output>
        </test-method> <!-- testingJS -->
      </class> <!-- com.inet_Banking.pageObject.testtt -->
    </test> <!-- Default test -->
  </suite> <!-- Default suite -->
</testng-results>
